Found 185 MATLAB file(s)
ASCII charset check: True
Numbers of chars: 269826
Compressing files
Numbers of chars: 181375
n_newlines: 5879
n_equals: 4476
n_continuations: 34
// Code1D/Common1D/CleanUp1D.m -> [PosixPath('Code1D/Euler/EulerDriver1D.m'), PosixPath('Code1D/Scalar/ScalarDriver1D.m'), PosixPath('Examples/1D/Advection/Sine/Main.m'), PosixPath('Examples/1D/BuckLev/Compound/Main.m'), PosixPath('Examples/1D/Burgers/Complex/Main.m'), PosixPath('Examples/1D/Euler/BlastWave/Main.m'), PosixPath('Examples/1D/Euler/ShockEntropy/Main.m'), PosixPath('Examples/1D/Euler/Smooth/Main.m'), PosixPath('Examples/1D/Euler/Sod/Main.m')]
// Code1D/Common1D/Globals1D_DG.m -> [PosixPath('Code1D/Common1D/Normals1D.m')]
// Code1D/Common1D/StartUp1D.m -> [PosixPath('Code1D/Euler/EulerDriver1D.m'), PosixPath('Code1D/Scalar/ScalarDriver1D.m')]
Code1D/Euler/EulerCheckParam1D.m -> [PosixPath('Code1D/Euler/EulerDriver1D.m')]
Code1D/Euler/EulerDriver1D.m -> [PosixPath('Examples/1D/Euler/BlastWave/Main.m'), PosixPath('Examples/1D/Euler/ShockEntropy/Main.m'), PosixPath('Examples/1D/Euler/Smooth/Main.m'), PosixPath('Examples/1D/Euler/Sod/Main.m')]
Code1D/Euler/EulerStartDisp1D.m -> [PosixPath('Code1D/Euler/EulerDriver1D.m')]
Code1D/Scalar/ScalarCheckParam1D.m -> [PosixPath('Code1D/Scalar/ScalarDriver1D.m')]
Code1D/Scalar/ScalarDriver1D.m -> [PosixPath('Examples/1D/Advection/Sine/Main.m'), PosixPath('Examples/1D/BuckLev/Compound/Main.m'), PosixPath('Examples/1D/Burgers/Complex/Main.m')]
Code1D/Scalar/ScalarStartDisp1D.m -> [PosixPath('Code1D/Scalar/ScalarDriver1D.m')]
// Code2D/Common2D/Globals2D_DG.m -> [PosixPath('Code2D/Common2D/Grad2D.m'), PosixPath('Code2D/Common2D/KXRCF2D_ncon.m'), PosixPath('Code2D/Common2D/MRSLimiter2D.m'), PosixPath('Code2D/Common2D/VenkLimiter2D.m'), PosixPath('Code2D/Common2D/Get_Projection_2D.m')]
// Code2D/Common2D/Lift2D.m -> [PosixPath('Code2D/Common2D/StartUp2D.m')]
// Code2D/Common2D/Normals2D.m -> [PosixPath('Code2D/Common2D/StartUp2D.m')]
Code2D/Common2D/StartUp2D.m -> [PosixPath('Code2D/Euler/EulerDriver2D.m'), PosixPath('Code2D/Scalar/ScalarDriver2D.m')]
// Code2D/Common2D/xscale2D.m -> [PosixPath('Code2D/Common2D/StartUp2D.m')]
// Code2D/Common2D/BuildBCMaps2D.m -> [PosixPath('Code2D/Euler/EulerDriver2D.m'), PosixPath('Code2D/Scalar/ScalarDriver2D.m')]
// Code2D/Common2D/BuildMaps2D.m -> [PosixPath('Code2D/Common2D/StartUp2D.m')]
// Code2D/Common2D/CleanUp2D.m -> [PosixPath('Code2D/Euler/EulerDriver2D.m'), PosixPath('Code2D/Scalar/ScalarDriver2D.m'), PosixPath('Examples/2D/Advection/Smooth/Main.m'), PosixPath('Examples/2D/Burgers/RP/Main.m'), PosixPath('Examples/2D/Euler/2D_RP12/Main.m'), PosixPath('Examples/2D/Euler/2D_RP4/Main.m'), PosixPath('Examples/2D/Euler/2D_RP6/Main.m'), PosixPath('Examples/2D/Euler/Isentropic_vortex/Main.m'), PosixPath('Examples/2D/Euler/Shock_vortex/Main.m'), PosixPath('Examples/2D/KPP/Rotating_wave/Main.m')]
// Code2D/Common2D/CreateBC_Flags2D.m -> [PosixPath('Code2D/Euler/EulerDriver2D.m'), PosixPath('Code2D/Scalar/ScalarDriver2D.m')]
// Code2D/Common2D/Create_sfile_base2D.m -> [PosixPath('Code2D/Euler/EulerDriver2D.m'), PosixPath('Code2D/Scalar/ScalarDriver2D.m')]
// Code2D/Common2D/GetGeomData2D.m -> [PosixPath('Code2D/Common2D/StartUp2D.m')]
Code2D/Euler/EulerCheckParam2D.m -> [PosixPath('Code2D/Euler/EulerDriver2D.m')]
Code2D/Euler/EulerDriver2D.m -> [PosixPath('Examples/2D/Euler/2D_RP12/Main.m'), PosixPath('Examples/2D/Euler/2D_RP4/Main.m'), PosixPath('Examples/2D/Euler/2D_RP6/Main.m'), PosixPath('Examples/2D/Euler/Isentropic_vortex/Main.m'), PosixPath('Examples/2D/Euler/Shock_vortex/Main.m')]
Code2D/Euler/EulerStartDisp2D.m -> [PosixPath('Code2D/Euler/EulerDriver2D.m')]
// Code2D/Euler/Euler_Save2D.m -> [PosixPath('Code2D/Euler/EulerDriver2D.m')]
Code2D/Scalar/ScalarCheckParam2D.m -> [PosixPath('Code2D/Scalar/ScalarDriver2D.m')]
Code2D/Scalar/ScalarDriver2D.m -> [PosixPath('Examples/2D/Advection/Smooth/Main.m'), PosixPath('Examples/2D/Burgers/RP/Main.m'), PosixPath('Examples/2D/KPP/Rotating_wave/Main.m')]
Code2D/Scalar/ScalarStartDisp2D.m -> [PosixPath('Code2D/Scalar/ScalarDriver2D.m')]
// Code2D/Scalar/Scalar_Save2D.m -> [PosixPath('Code2D/Scalar/ScalarDriver2D.m')]
// Common/Find_relative_path.m -> [PosixPath('Code1D/Euler/EulerDriver1D.m'), PosixPath('Code1D/Scalar/ScalarDriver1D.m'), PosixPath('Code2D/Euler/EulerDriver2D.m'), PosixPath('Code2D/Scalar/ScalarDriver2D.m')]
Need intervention: 29
Counter({1: 134, 0: 51})
